2018-09-03 00:34:21 [restartedMain] INFO  c.h.blog.SpringBootBlogApplication : 
 Starting SpringBootBlogApplication on unknown7429AF2C9AE3 with PID 19784 (/home/ted/shuai/18-fall-work-collection/git-project/spring-boot-blog/target/classes started by ted in /home/ted/shuai/18-fall-work-collection/git-project/spring-boot-blog) 
2018-09-03 00:34:21 [restartedMain] DEBUG c.h.blog.SpringBootBlogApplication : 
 Running with Spring Boot v1.4.3.RELEASE, Spring v4.3.5.RELEASE 
2018-09-03 00:34:21 [restartedMain] INFO  c.h.blog.SpringBootBlogApplication : 
 No active profile set, falling back to default profiles: default 
2018-09-03 00:34:33 [restartedMain] INFO  c.h.blog.SpringBootBlogApplication : 
 Started SpringBootBlogApplication in 15.092 seconds (JVM running for 22.731) 
2018-09-03 00:35:36 [http-nio-8080-exec-1] DEBUG c.h.blog.mapper.UserMapper.findOne : 
 ==>  Preparing: select * from user WHERE id=?  
2018-09-03 00:35:36 [http-nio-8080-exec-1] DEBUG c.h.blog.mapper.UserMapper.findOne : 
 ==> Parameters: 3(Integer) 
2018-09-03 00:35:37 [http-nio-8080-exec-1] DEBUG c.h.blog.mapper.UserMapper.findOne : 
 <==      Total: 1 
2018-09-03 00:35:37 [http-nio-8080-exec-1] DEBUG com.hpm.blog.mapper.PostMapper.add : 
 ==>  Preparing: INSERT INTO post (author_id, title, content) VALUES (?, ?, ?);  
2018-09-03 00:35:37 [http-nio-8080-exec-1] DEBUG com.hpm.blog.mapper.PostMapper.add : 
 ==> Parameters: 3(Integer), Second demo (String), this a default set of fastjson(String) 
2018-09-03 00:35:37 [http-nio-8080-exec-1] DEBUG com.hpm.blog.mapper.PostMapper.add : 
 <==    Updates: 1 
2018-09-03 00:35:37 [http-nio-8080-exec-1] DEBUG c.h.blog.mapper.PostMapper.findOne : 
 ==>  Preparing: SELECT post.id, post.author_id , post.title , post.content , post.create_time , post.update_time, `user`.id as author__id, `user`.`name` as author__name FROM post LEFT JOIN `user` ON `user`.id=post.author_id WHERE post.id=?  
2018-09-03 00:35:37 [http-nio-8080-exec-1] DEBUG c.h.blog.mapper.PostMapper.findOne : 
 ==> Parameters: 2(Integer) 
2018-09-03 00:35:37 [http-nio-8080-exec-1] DEBUG c.h.blog.mapper.PostMapper.findOne : 
 <==      Total: 1 
2018-09-03 00:44:42 [restartedMain] INFO  c.h.blog.SpringBootBlogApplication : 
 Starting SpringBootBlogApplication on unknown7429AF2C9AE3 with PID 20182 (/home/ted/shuai/18-fall-work-collection/git-project/spring-boot-blog/target/classes started by ted in /home/ted/shuai/18-fall-work-collection/git-project/spring-boot-blog) 
2018-09-03 00:44:42 [restartedMain] DEBUG c.h.blog.SpringBootBlogApplication : 
 Running with Spring Boot v1.4.3.RELEASE, Spring v4.3.5.RELEASE 
2018-09-03 00:44:42 [restartedMain] INFO  c.h.blog.SpringBootBlogApplication : 
 No active profile set, falling back to default profiles: default 
2018-09-03 00:44:48 [restartedMain] INFO  c.h.blog.SpringBootBlogApplication : 
 Started SpringBootBlogApplication in 7.003 seconds (JVM running for 10.412) 
2018-09-03 00:45:09 [http-nio-8080-exec-1] DEBUG c.h.blog.mapper.UserMapper.findOne : 
 ==>  Preparing: select * from user WHERE id=?  
2018-09-03 00:45:09 [http-nio-8080-exec-1] DEBUG c.h.blog.mapper.UserMapper.findOne : 
 ==> Parameters: 3(Integer) 
2018-09-03 00:45:09 [http-nio-8080-exec-1] DEBUG c.h.blog.mapper.UserMapper.findOne : 
 <==      Total: 1 
2018-09-03 00:45:09 [http-nio-8080-exec-1] DEBUG com.hpm.blog.mapper.PostMapper.add : 
 ==>  Preparing: INSERT INTO post (author_id, title, content) VALUES (?, ?, ?);  
2018-09-03 00:45:09 [http-nio-8080-exec-1] DEBUG com.hpm.blog.mapper.PostMapper.add : 
 ==> Parameters: 3(Integer), third demo (String), add new config of fastjson(String) 
2018-09-03 00:45:09 [http-nio-8080-exec-1] DEBUG com.hpm.blog.mapper.PostMapper.add : 
 <==    Updates: 1 
2018-09-03 00:45:09 [http-nio-8080-exec-1] DEBUG c.h.blog.mapper.PostMapper.findOne : 
 ==>  Preparing: SELECT post.id, post.author_id , post.title , post.content , post.create_time , post.update_time, `user`.id as author__id, `user`.`name` as author__name FROM post LEFT JOIN `user` ON `user`.id=post.author_id WHERE post.id=?  
2018-09-03 00:45:09 [http-nio-8080-exec-1] DEBUG c.h.blog.mapper.PostMapper.findOne : 
 ==> Parameters: 3(Integer) 
2018-09-03 00:45:09 [http-nio-8080-exec-1] DEBUG c.h.blog.mapper.PostMapper.findOne : 
 <==      Total: 1 
