2018-09-01 00:16:34 [restartedMain] INFO  c.h.blog.SpringBootBlogApplication : 
 Starting SpringBootBlogApplication on unknown7429AF2C9AE3 with PID 14055 (/home/ted/shuai/18-fall-work-collection/git-project/spring-boot-blog/target/classes started by ted in /home/ted/shuai/18-fall-work-collection/git-project/spring-boot-blog) 
2018-09-01 00:16:34 [restartedMain] DEBUG c.h.blog.SpringBootBlogApplication : 
 Running with Spring Boot v1.4.3.RELEASE, Spring v4.3.5.RELEASE 
2018-09-01 00:16:34 [restartedMain] INFO  c.h.blog.SpringBootBlogApplication : 
 No active profile set, falling back to default profiles: default 
2018-09-01 00:16:43 [restartedMain] INFO  c.h.blog.SpringBootBlogApplication : 
 Started SpringBootBlogApplication in 10.505 seconds (JVM running for 15.105) 
2018-09-01 00:19:46 [restartedMain] INFO  c.h.blog.SpringBootBlogApplication : 
 Starting SpringBootBlogApplication on unknown7429AF2C9AE3 with PID 14231 (/home/ted/shuai/18-fall-work-collection/git-project/spring-boot-blog/target/classes started by ted in /home/ted/shuai/18-fall-work-collection/git-project/spring-boot-blog) 
2018-09-01 00:19:47 [restartedMain] DEBUG c.h.blog.SpringBootBlogApplication : 
 Running with Spring Boot v1.4.3.RELEASE, Spring v4.3.5.RELEASE 
2018-09-01 00:19:47 [restartedMain] INFO  c.h.blog.SpringBootBlogApplication : 
 No active profile set, falling back to default profiles: default 
2018-09-01 00:19:52 [restartedMain] INFO  c.h.blog.SpringBootBlogApplication : 
 Started SpringBootBlogApplication in 7.136 seconds (JVM running for 8.97) 
2018-09-01 00:29:43 [restartedMain] INFO  c.h.blog.SpringBootBlogApplication : 
 Starting SpringBootBlogApplication on unknown7429AF2C9AE3 with PID 14653 (/home/ted/shuai/18-fall-work-collection/git-project/spring-boot-blog/target/classes started by ted in /home/ted/shuai/18-fall-work-collection/git-project/spring-boot-blog) 
2018-09-01 00:29:43 [restartedMain] DEBUG c.h.blog.SpringBootBlogApplication : 
 Running with Spring Boot v1.4.3.RELEASE, Spring v4.3.5.RELEASE 
2018-09-01 00:29:43 [restartedMain] INFO  c.h.blog.SpringBootBlogApplication : 
 No active profile set, falling back to default profiles: default 
2018-09-01 00:29:49 [restartedMain] INFO  c.h.blog.SpringBootBlogApplication : 
 Started SpringBootBlogApplication in 6.874 seconds (JVM running for 8.333) 
2018-09-01 00:30:02 [http-nio-8080-exec-1] ERROR c.h.b.config.GlobalExceptionHandler : 
 java.lang.ArithmeticException: / by zero
	at com.hpm.blog.api.UserApi.testError(UserApi.java:36)
	at sun.reflect.NativeMethodAccessorImpl.invoke0(Native Method)
	at sun.reflect.NativeMethodAccessorImpl.invoke(NativeMethodAccessorImpl.java:62)
	at sun.reflect.DelegatingMethodAccessorImpl.invoke(DelegatingMethodAccessorImpl.java:43)
	at java.lang.reflect.Method.invoke(Method.java:498)
	at org.springframework.web.method.support.InvocableHandlerMethod.doInvoke(InvocableHandlerMethod.java:220)
	at org.springframework.web.method.support.InvocableHandlerMethod.invokeForRequest(InvocableHandlerMethod.java:134)
	at org.springframework.web.servlet.mvc.method.annotation.ServletInvocableHandlerMethod.invokeAndHandle(ServletInvocableHandlerMethod.java:116)
	at org.springframework.web.servlet.mvc.method.annotation.RequestMappingHandlerAdapter.invokeHandlerMethod(RequestMappingHandlerAdapter.java:827)
	at org.springframework.web.servlet.mvc.method.annotation.RequestMappingHandlerAdapter.handleInternal(RequestMappingHandlerAdapter.java:738)
	at org.springframework.web.servlet.mvc.method.AbstractHandlerMethodAdapter.handle(AbstractHandlerMethodAdapter.java:85)
	at org.springframework.web.servlet.DispatcherServlet.doDispatch(DispatcherServlet.java:963)
	at org.springframework.web.servlet.DispatcherServlet.doService(DispatcherServlet.java:897)
	at org.springframework.web.servlet.FrameworkServlet.processRequest(FrameworkServlet.java:970)
	at org.springframework.web.servlet.FrameworkServlet.doGet(FrameworkServlet.java:861)
	at javax.servlet.http.HttpServlet.service(HttpServlet.java:622)
	at org.springframework.web.servlet.FrameworkServlet.service(FrameworkServlet.java:846)
	at javax.servlet.http.HttpServlet.service(HttpServlet.java:729)
	at org.apache.catalina.core.ApplicationFilterChain.internalDoFilter(ApplicationFilterChain.java:230)
	at org.apache.catalina.core.ApplicationFilterChain.doFilter(ApplicationFilterChain.java:165)
	at org.apache.tomcat.websocket.server.WsFilter.doFilter(WsFilter.java:52)
	at org.apache.catalina.core.ApplicationFilterChain.internalDoFilter(ApplicationFilterChain.java:192)
	at org.apache.catalina.core.ApplicationFilterChain.doFilter(ApplicationFilterChain.java:165)
	at org.springframework.web.filter.RequestContextFilter.doFilterInternal(RequestContextFilter.java:99)
	at org.springframework.web.filter.OncePerRequestFilter.doFilter(OncePerRequestFilter.java:107)
	at org.apache.catalina.core.ApplicationFilterChain.internalDoFilter(ApplicationFilterChain.java:192)
	at org.apache.catalina.core.ApplicationFilterChain.doFilter(ApplicationFilterChain.java:165)
	at org.springframework.web.filter.HttpPutFormContentFilter.doFilterInternal(HttpPutFormContentFilter.java:89)
	at org.springframework.web.filter.OncePerRequestFilter.doFilter(OncePerRequestFilter.java:107)
	at org.apache.catalina.core.ApplicationFilterChain.internalDoFilter(ApplicationFilterChain.java:192)
	at org.apache.catalina.core.ApplicationFilterChain.doFilter(ApplicationFilterChain.java:165)
	at org.springframework.web.filter.HiddenHttpMethodFilter.doFilterInternal(HiddenHttpMethodFilter.java:77)
	at org.springframework.web.filter.OncePerRequestFilter.doFilter(OncePerRequestFilter.java:107)
	at org.apache.catalina.core.ApplicationFilterChain.internalDoFilter(ApplicationFilterChain.java:192)
	at org.apache.catalina.core.ApplicationFilterChain.doFilter(ApplicationFilterChain.java:165)
	at org.springframework.web.filter.CharacterEncodingFilter.doFilterInternal(CharacterEncodingFilter.java:197)
	at org.springframework.web.filter.OncePerRequestFilter.doFilter(OncePerRequestFilter.java:107)
	at org.apache.catalina.core.ApplicationFilterChain.internalDoFilter(ApplicationFilterChain.java:192)
	at org.apache.catalina.core.ApplicationFilterChain.doFilter(ApplicationFilterChain.java:165)
	at org.apache.catalina.core.StandardWrapperValve.invoke(StandardWrapperValve.java:198)
	at org.apache.catalina.core.StandardContextValve.invoke(StandardContextValve.java:108)
	at org.apache.catalina.authenticator.AuthenticatorBase.invoke(AuthenticatorBase.java:472)
	at org.apache.catalina.core.StandardHostValve.invoke(StandardHostValve.java:140)
	at org.apache.catalina.valves.ErrorReportValve.invoke(ErrorReportValve.java:79)
	at org.apache.catalina.core.StandardEngineValve.invoke(StandardEngineValve.java:87)
	at org.apache.catalina.connector.CoyoteAdapter.service(CoyoteAdapter.java:349)
	at org.apache.coyote.http11.Http11Processor.service(Http11Processor.java:784)
	at org.apache.coyote.AbstractProcessorLight.process(AbstractProcessorLight.java:66)
	at org.apache.coyote.AbstractProtocol$ConnectionHandler.process(AbstractProtocol.java:802)
	at org.apache.tomcat.util.net.NioEndpoint$SocketProcessor.doRun(NioEndpoint.java:1410)
	at org.apache.tomcat.util.net.SocketProcessorBase.run(SocketProcessorBase.java:49)
	at java.util.concurrent.ThreadPoolExecutor.runWorker(ThreadPoolExecutor.java:1149)
	at java.util.concurrent.ThreadPoolExecutor$Worker.run(ThreadPoolExecutor.java:624)
	at org.apache.tomcat.util.threads.TaskThread$WrappingRunnable.run(TaskThread.java:61)
	at java.lang.Thread.run(Thread.java:748)
 
