2018-09-02 11:03:42 [restartedMain] INFO  c.h.blog.SpringBootBlogApplication : 
 Starting SpringBootBlogApplication on unknown7429AF2C9AE3 with PID 6014 (/home/ted/shuai/18-fall-work-collection/git-project/spring-boot-blog/target/classes started by ted in /home/ted/shuai/18-fall-work-collection/git-project/spring-boot-blog) 
2018-09-02 11:03:42 [restartedMain] DEBUG c.h.blog.SpringBootBlogApplication : 
 Running with Spring Boot v1.4.3.RELEASE, Spring v4.3.5.RELEASE 
2018-09-02 11:03:42 [restartedMain] INFO  c.h.blog.SpringBootBlogApplication : 
 No active profile set, falling back to default profiles: default 
2018-09-02 11:03:50 [restartedMain] INFO  c.h.blog.SpringBootBlogApplication : 
 Started SpringBootBlogApplication in 10.92 seconds (JVM running for 14.722) 
2018-09-02 11:04:40 [restartedMain] INFO  c.h.blog.SpringBootBlogApplication : 
 Starting SpringBootBlogApplication on unknown7429AF2C9AE3 with PID 6170 (/home/ted/shuai/18-fall-work-collection/git-project/spring-boot-blog/target/classes started by ted in /home/ted/shuai/18-fall-work-collection/git-project/spring-boot-blog) 
2018-09-02 11:04:40 [restartedMain] DEBUG c.h.blog.SpringBootBlogApplication : 
 Running with Spring Boot v1.4.3.RELEASE, Spring v4.3.5.RELEASE 
2018-09-02 11:04:40 [restartedMain] INFO  c.h.blog.SpringBootBlogApplication : 
 No active profile set, falling back to default profiles: default 
2018-09-02 11:04:46 [restartedMain] INFO  c.h.blog.SpringBootBlogApplication : 
 Started SpringBootBlogApplication in 6.811 seconds (JVM running for 8.174) 
2018-09-02 11:05:58 [restartedMain] INFO  c.h.blog.SpringBootBlogApplication : 
 Starting SpringBootBlogApplication on unknown7429AF2C9AE3 with PID 6331 (/home/ted/shuai/18-fall-work-collection/git-project/spring-boot-blog/target/classes started by ted in /home/ted/shuai/18-fall-work-collection/git-project/spring-boot-blog) 
2018-09-02 11:05:58 [restartedMain] DEBUG c.h.blog.SpringBootBlogApplication : 
 Running with Spring Boot v1.4.3.RELEASE, Spring v4.3.5.RELEASE 
2018-09-02 11:05:58 [restartedMain] INFO  c.h.blog.SpringBootBlogApplication : 
 No active profile set, falling back to default profiles: default 
2018-09-02 11:06:03 [restartedMain] INFO  c.h.blog.SpringBootBlogApplication : 
 Started SpringBootBlogApplication in 6.668 seconds (JVM running for 8.039) 
2018-09-02 11:10:41 [restartedMain] INFO  c.h.blog.SpringBootBlogApplication : 
 Starting SpringBootBlogApplication on unknown7429AF2C9AE3 with PID 6557 (/home/ted/shuai/18-fall-work-collection/git-project/spring-boot-blog/target/classes started by ted in /home/ted/shuai/18-fall-work-collection/git-project/spring-boot-blog) 
2018-09-02 11:10:41 [restartedMain] DEBUG c.h.blog.SpringBootBlogApplication : 
 Running with Spring Boot v1.4.3.RELEASE, Spring v4.3.5.RELEASE 
2018-09-02 11:10:41 [restartedMain] INFO  c.h.blog.SpringBootBlogApplication : 
 No active profile set, falling back to default profiles: default 
2018-09-02 11:10:46 [restartedMain] INFO  c.h.blog.SpringBootBlogApplication : 
 Started SpringBootBlogApplication in 6.983 seconds (JVM running for 8.3) 
2018-09-02 11:11:11 [http-nio-8080-exec-1] ERROR c.h.b.config.GlobalExceptionHandler : 
 org.springframework.web.HttpRequestMethodNotSupportedException: Request method 'GET' not supported
	at org.springframework.web.servlet.mvc.method.RequestMappingInfoHandlerMapping.handleNoMatch(RequestMappingInfoHandlerMapping.java:207)
	at org.springframework.web.servlet.handler.AbstractHandlerMethodMapping.lookupHandlerMethod(AbstractHandlerMethodMapping.java:374)
	at org.springframework.web.servlet.handler.AbstractHandlerMethodMapping.getHandlerInternal(AbstractHandlerMethodMapping.java:314)
	at org.springframework.web.servlet.handler.AbstractHandlerMethodMapping.getHandlerInternal(AbstractHandlerMethodMapping.java:61)
	at org.springframework.web.servlet.handler.AbstractHandlerMapping.getHandler(AbstractHandlerMapping.java:352)
	at org.springframework.web.servlet.DispatcherServlet.getHandler(DispatcherServlet.java:1131)
	at org.springframework.web.servlet.DispatcherServlet.doDispatch(DispatcherServlet.java:936)
	at org.springframework.web.servlet.DispatcherServlet.doService(DispatcherServlet.java:897)
	at org.springframework.web.servlet.FrameworkServlet.processRequest(FrameworkServlet.java:970)
	at org.springframework.web.servlet.FrameworkServlet.doGet(FrameworkServlet.java:861)
	at javax.servlet.http.HttpServlet.service(HttpServlet.java:622)
	at org.springframework.web.servlet.FrameworkServlet.service(FrameworkServlet.java:846)
	at javax.servlet.http.HttpServlet.service(HttpServlet.java:729)
	at org.apache.catalina.core.ApplicationFilterChain.internalDoFilter(ApplicationFilterChain.java:230)
	at org.apache.catalina.core.ApplicationFilterChain.doFilter(ApplicationFilterChain.java:165)
	at org.apache.tomcat.websocket.server.WsFilter.doFilter(WsFilter.java:52)
	at org.apache.catalina.core.ApplicationFilterChain.internalDoFilter(ApplicationFilterChain.java:192)
	at org.apache.catalina.core.ApplicationFilterChain.doFilter(ApplicationFilterChain.java:165)
	at org.springframework.web.filter.RequestContextFilter.doFilterInternal(RequestContextFilter.java:99)
	at org.springframework.web.filter.OncePerRequestFilter.doFilter(OncePerRequestFilter.java:107)
	at org.apache.catalina.core.ApplicationFilterChain.internalDoFilter(ApplicationFilterChain.java:192)
	at org.apache.catalina.core.ApplicationFilterChain.doFilter(ApplicationFilterChain.java:165)
	at org.springframework.web.filter.HttpPutFormContentFilter.doFilterInternal(HttpPutFormContentFilter.java:89)
	at org.springframework.web.filter.OncePerRequestFilter.doFilter(OncePerRequestFilter.java:107)
	at org.apache.catalina.core.ApplicationFilterChain.internalDoFilter(ApplicationFilterChain.java:192)
	at org.apache.catalina.core.ApplicationFilterChain.doFilter(ApplicationFilterChain.java:165)
	at org.springframework.web.filter.HiddenHttpMethodFilter.doFilterInternal(HiddenHttpMethodFilter.java:77)
	at org.springframework.web.filter.OncePerRequestFilter.doFilter(OncePerRequestFilter.java:107)
	at org.apache.catalina.core.ApplicationFilterChain.internalDoFilter(ApplicationFilterChain.java:192)
	at org.apache.catalina.core.ApplicationFilterChain.doFilter(ApplicationFilterChain.java:165)
	at org.springframework.web.filter.CharacterEncodingFilter.doFilterInternal(CharacterEncodingFilter.java:197)
	at org.springframework.web.filter.OncePerRequestFilter.doFilter(OncePerRequestFilter.java:107)
	at org.apache.catalina.core.ApplicationFilterChain.internalDoFilter(ApplicationFilterChain.java:192)
	at org.apache.catalina.core.ApplicationFilterChain.doFilter(ApplicationFilterChain.java:165)
	at org.apache.catalina.core.StandardWrapperValve.invoke(StandardWrapperValve.java:198)
	at org.apache.catalina.core.StandardContextValve.invoke(StandardContextValve.java:108)
	at org.apache.catalina.authenticator.AuthenticatorBase.invoke(AuthenticatorBase.java:472)
	at org.apache.catalina.core.StandardHostValve.invoke(StandardHostValve.java:140)
	at org.apache.catalina.valves.ErrorReportValve.invoke(ErrorReportValve.java:79)
	at org.apache.catalina.core.StandardEngineValve.invoke(StandardEngineValve.java:87)
	at org.apache.catalina.connector.CoyoteAdapter.service(CoyoteAdapter.java:349)
	at org.apache.coyote.http11.Http11Processor.service(Http11Processor.java:784)
	at org.apache.coyote.AbstractProcessorLight.process(AbstractProcessorLight.java:66)
	at org.apache.coyote.AbstractProtocol$ConnectionHandler.process(AbstractProtocol.java:802)
	at org.apache.tomcat.util.net.NioEndpoint$SocketProcessor.doRun(NioEndpoint.java:1410)
	at org.apache.tomcat.util.net.SocketProcessorBase.run(SocketProcessorBase.java:49)
	at java.util.concurrent.ThreadPoolExecutor.runWorker(ThreadPoolExecutor.java:1149)
	at java.util.concurrent.ThreadPoolExecutor$Worker.run(ThreadPoolExecutor.java:624)
	at org.apache.tomcat.util.threads.TaskThread$WrappingRunnable.run(TaskThread.java:61)
	at java.lang.Thread.run(Thread.java:748)
 
2018-09-02 11:17:59 [restartedMain] INFO  c.h.blog.SpringBootBlogApplication : 
 Starting SpringBootBlogApplication on unknown7429AF2C9AE3 with PID 6962 (/home/ted/shuai/18-fall-work-collection/git-project/spring-boot-blog/target/classes started by ted in /home/ted/shuai/18-fall-work-collection/git-project/spring-boot-blog) 
2018-09-02 11:17:59 [restartedMain] DEBUG c.h.blog.SpringBootBlogApplication : 
 Running with Spring Boot v1.4.3.RELEASE, Spring v4.3.5.RELEASE 
2018-09-02 11:17:59 [restartedMain] INFO  c.h.blog.SpringBootBlogApplication : 
 No active profile set, falling back to default profiles: default 
2018-09-02 11:18:05 [restartedMain] INFO  c.h.blog.SpringBootBlogApplication : 
 Started SpringBootBlogApplication in 6.883 seconds (JVM running for 8.22) 
2018-09-02 11:19:38 [restartedMain] INFO  c.h.blog.SpringBootBlogApplication : 
 Starting SpringBootBlogApplication on unknown7429AF2C9AE3 with PID 7100 (/home/ted/shuai/18-fall-work-collection/git-project/spring-boot-blog/target/classes started by ted in /home/ted/shuai/18-fall-work-collection/git-project/spring-boot-blog) 
2018-09-02 11:19:38 [restartedMain] DEBUG c.h.blog.SpringBootBlogApplication : 
 Running with Spring Boot v1.4.3.RELEASE, Spring v4.3.5.RELEASE 
2018-09-02 11:19:38 [restartedMain] INFO  c.h.blog.SpringBootBlogApplication : 
 No active profile set, falling back to default profiles: default 
2018-09-02 11:19:44 [restartedMain] INFO  c.h.blog.SpringBootBlogApplication : 
 Started SpringBootBlogApplication in 6.807 seconds (JVM running for 8.132) 
2018-09-02 11:19:53 [http-nio-8080-exec-1] ERROR c.h.b.config.GlobalExceptionHandler : 
 java.lang.RuntimeException: there is no token
	at com.hpm.blog.config.AuthenticationInterceptor.preHandle(AuthenticationInterceptor.java:39)
	at org.springframework.web.servlet.HandlerExecutionChain.applyPreHandle(HandlerExecutionChain.java:134)
	at org.springframework.web.servlet.DispatcherServlet.doDispatch(DispatcherServlet.java:958)
	at org.springframework.web.servlet.DispatcherServlet.doService(DispatcherServlet.java:897)
	at org.springframework.web.servlet.FrameworkServlet.processRequest(FrameworkServlet.java:970)
	at org.springframework.web.servlet.FrameworkServlet.doGet(FrameworkServlet.java:861)
	at javax.servlet.http.HttpServlet.service(HttpServlet.java:622)
	at org.springframework.web.servlet.FrameworkServlet.service(FrameworkServlet.java:846)
	at javax.servlet.http.HttpServlet.service(HttpServlet.java:729)
	at org.apache.catalina.core.ApplicationFilterChain.internalDoFilter(ApplicationFilterChain.java:230)
	at org.apache.catalina.core.ApplicationFilterChain.doFilter(ApplicationFilterChain.java:165)
	at org.apache.tomcat.websocket.server.WsFilter.doFilter(WsFilter.java:52)
	at org.apache.catalina.core.ApplicationFilterChain.internalDoFilter(ApplicationFilterChain.java:192)
	at org.apache.catalina.core.ApplicationFilterChain.doFilter(ApplicationFilterChain.java:165)
	at org.springframework.web.filter.RequestContextFilter.doFilterInternal(RequestContextFilter.java:99)
	at org.springframework.web.filter.OncePerRequestFilter.doFilter(OncePerRequestFilter.java:107)
	at org.apache.catalina.core.ApplicationFilterChain.internalDoFilter(ApplicationFilterChain.java:192)
	at org.apache.catalina.core.ApplicationFilterChain.doFilter(ApplicationFilterChain.java:165)
	at org.springframework.web.filter.HttpPutFormContentFilter.doFilterInternal(HttpPutFormContentFilter.java:89)
	at org.springframework.web.filter.OncePerRequestFilter.doFilter(OncePerRequestFilter.java:107)
	at org.apache.catalina.core.ApplicationFilterChain.internalDoFilter(ApplicationFilterChain.java:192)
	at org.apache.catalina.core.ApplicationFilterChain.doFilter(ApplicationFilterChain.java:165)
	at org.springframework.web.filter.HiddenHttpMethodFilter.doFilterInternal(HiddenHttpMethodFilter.java:77)
	at org.springframework.web.filter.OncePerRequestFilter.doFilter(OncePerRequestFilter.java:107)
	at org.apache.catalina.core.ApplicationFilterChain.internalDoFilter(ApplicationFilterChain.java:192)
	at org.apache.catalina.core.ApplicationFilterChain.doFilter(ApplicationFilterChain.java:165)
	at org.springframework.web.filter.CharacterEncodingFilter.doFilterInternal(CharacterEncodingFilter.java:197)
	at org.springframework.web.filter.OncePerRequestFilter.doFilter(OncePerRequestFilter.java:107)
	at org.apache.catalina.core.ApplicationFilterChain.internalDoFilter(ApplicationFilterChain.java:192)
	at org.apache.catalina.core.ApplicationFilterChain.doFilter(ApplicationFilterChain.java:165)
	at org.apache.catalina.core.StandardWrapperValve.invoke(StandardWrapperValve.java:198)
	at org.apache.catalina.core.StandardContextValve.invoke(StandardContextValve.java:108)
	at org.apache.catalina.authenticator.AuthenticatorBase.invoke(AuthenticatorBase.java:472)
	at org.apache.catalina.core.StandardHostValve.invoke(StandardHostValve.java:140)
	at org.apache.catalina.valves.ErrorReportValve.invoke(ErrorReportValve.java:79)
	at org.apache.catalina.core.StandardEngineValve.invoke(StandardEngineValve.java:87)
	at org.apache.catalina.connector.CoyoteAdapter.service(CoyoteAdapter.java:349)
	at org.apache.coyote.http11.Http11Processor.service(Http11Processor.java:784)
	at org.apache.coyote.AbstractProcessorLight.process(AbstractProcessorLight.java:66)
	at org.apache.coyote.AbstractProtocol$ConnectionHandler.process(AbstractProtocol.java:802)
	at org.apache.tomcat.util.net.NioEndpoint$SocketProcessor.doRun(NioEndpoint.java:1410)
	at org.apache.tomcat.util.net.SocketProcessorBase.run(SocketProcessorBase.java:49)
	at java.util.concurrent.ThreadPoolExecutor.runWorker(ThreadPoolExecutor.java:1149)
	at java.util.concurrent.ThreadPoolExecutor$Worker.run(ThreadPoolExecutor.java:624)
	at org.apache.tomcat.util.threads.TaskThread$WrappingRunnable.run(TaskThread.java:61)
	at java.lang.Thread.run(Thread.java:748)
 
2018-09-02 11:21:54 [http-nio-8080-exec-3] DEBUG c.h.blog.mapper.UserMapper.findOne : 
 ==>  Preparing: select * from user WHERE name=?  
2018-09-02 11:21:54 [http-nio-8080-exec-3] DEBUG c.h.blog.mapper.UserMapper.findOne : 
 ==> Parameters: zhangsan(String) 
2018-09-02 11:21:54 [http-nio-8080-exec-3] DEBUG c.h.blog.mapper.UserMapper.findOne : 
 <==      Total: 1 
2018-09-02 16:39:55 [restartedMain] INFO  c.h.blog.SpringBootBlogApplication : 
 Starting SpringBootBlogApplication on unknown7429AF2C9AE3 with PID 12285 (/home/ted/shuai/18-fall-work-collection/git-project/spring-boot-blog/target/classes started by ted in /home/ted/shuai/18-fall-work-collection/git-project/spring-boot-blog) 
2018-09-02 16:39:55 [restartedMain] DEBUG c.h.blog.SpringBootBlogApplication : 
 Running with Spring Boot v1.4.3.RELEASE, Spring v4.3.5.RELEASE 
2018-09-02 16:39:55 [restartedMain] INFO  c.h.blog.SpringBootBlogApplication : 
 No active profile set, falling back to default profiles: default 
2018-09-02 16:40:01 [restartedMain] INFO  c.h.blog.SpringBootBlogApplication : 
 Started SpringBootBlogApplication in 8.035 seconds (JVM running for 12.31) 
2018-09-02 16:40:18 [http-nio-8080-exec-1] DEBUG c.h.blog.mapper.UserMapper.findOne : 
 ==>  Preparing: select * from user WHERE id=?  
2018-09-02 16:40:18 [http-nio-8080-exec-1] DEBUG c.h.blog.mapper.UserMapper.findOne : 
 ==> Parameters: 3(Integer) 
2018-09-02 16:40:18 [http-nio-8080-exec-1] DEBUG c.h.blog.mapper.UserMapper.findOne : 
 <==      Total: 1 
2018-09-02 16:40:35 [http-nio-8080-exec-2] ERROR c.h.b.config.GlobalExceptionHandler : 
 java.lang.RuntimeException: there is no token
	at com.hpm.blog.config.AuthenticationInterceptor.preHandle(AuthenticationInterceptor.java:39)
	at org.springframework.web.servlet.HandlerExecutionChain.applyPreHandle(HandlerExecutionChain.java:134)
	at org.springframework.web.servlet.DispatcherServlet.doDispatch(DispatcherServlet.java:958)
	at org.springframework.web.servlet.DispatcherServlet.doService(DispatcherServlet.java:897)
	at org.springframework.web.servlet.FrameworkServlet.processRequest(FrameworkServlet.java:970)
	at org.springframework.web.servlet.FrameworkServlet.doGet(FrameworkServlet.java:861)
	at javax.servlet.http.HttpServlet.service(HttpServlet.java:622)
	at org.springframework.web.servlet.FrameworkServlet.service(FrameworkServlet.java:846)
	at javax.servlet.http.HttpServlet.service(HttpServlet.java:729)
	at org.apache.catalina.core.ApplicationFilterChain.internalDoFilter(ApplicationFilterChain.java:230)
	at org.apache.catalina.core.ApplicationFilterChain.doFilter(ApplicationFilterChain.java:165)
	at org.apache.tomcat.websocket.server.WsFilter.doFilter(WsFilter.java:52)
	at org.apache.catalina.core.ApplicationFilterChain.internalDoFilter(ApplicationFilterChain.java:192)
	at org.apache.catalina.core.ApplicationFilterChain.doFilter(ApplicationFilterChain.java:165)
	at org.springframework.web.filter.RequestContextFilter.doFilterInternal(RequestContextFilter.java:99)
	at org.springframework.web.filter.OncePerRequestFilter.doFilter(OncePerRequestFilter.java:107)
	at org.apache.catalina.core.ApplicationFilterChain.internalDoFilter(ApplicationFilterChain.java:192)
	at org.apache.catalina.core.ApplicationFilterChain.doFilter(ApplicationFilterChain.java:165)
	at org.springframework.web.filter.HttpPutFormContentFilter.doFilterInternal(HttpPutFormContentFilter.java:89)
	at org.springframework.web.filter.OncePerRequestFilter.doFilter(OncePerRequestFilter.java:107)
	at org.apache.catalina.core.ApplicationFilterChain.internalDoFilter(ApplicationFilterChain.java:192)
	at org.apache.catalina.core.ApplicationFilterChain.doFilter(ApplicationFilterChain.java:165)
	at org.springframework.web.filter.HiddenHttpMethodFilter.doFilterInternal(HiddenHttpMethodFilter.java:77)
	at org.springframework.web.filter.OncePerRequestFilter.doFilter(OncePerRequestFilter.java:107)
	at org.apache.catalina.core.ApplicationFilterChain.internalDoFilter(ApplicationFilterChain.java:192)
	at org.apache.catalina.core.ApplicationFilterChain.doFilter(ApplicationFilterChain.java:165)
	at org.springframework.web.filter.CharacterEncodingFilter.doFilterInternal(CharacterEncodingFilter.java:197)
	at org.springframework.web.filter.OncePerRequestFilter.doFilter(OncePerRequestFilter.java:107)
	at org.apache.catalina.core.ApplicationFilterChain.internalDoFilter(ApplicationFilterChain.java:192)
	at org.apache.catalina.core.ApplicationFilterChain.doFilter(ApplicationFilterChain.java:165)
	at org.apache.catalina.core.StandardWrapperValve.invoke(StandardWrapperValve.java:198)
	at org.apache.catalina.core.StandardContextValve.invoke(StandardContextValve.java:108)
	at org.apache.catalina.authenticator.AuthenticatorBase.invoke(AuthenticatorBase.java:472)
	at org.apache.catalina.core.StandardHostValve.invoke(StandardHostValve.java:140)
	at org.apache.catalina.valves.ErrorReportValve.invoke(ErrorReportValve.java:79)
	at org.apache.catalina.core.StandardEngineValve.invoke(StandardEngineValve.java:87)
	at org.apache.catalina.connector.CoyoteAdapter.service(CoyoteAdapter.java:349)
	at org.apache.coyote.http11.Http11Processor.service(Http11Processor.java:784)
	at org.apache.coyote.AbstractProcessorLight.process(AbstractProcessorLight.java:66)
	at org.apache.coyote.AbstractProtocol$ConnectionHandler.process(AbstractProtocol.java:802)
	at org.apache.tomcat.util.net.NioEndpoint$SocketProcessor.doRun(NioEndpoint.java:1410)
	at org.apache.tomcat.util.net.SocketProcessorBase.run(SocketProcessorBase.java:49)
	at java.util.concurrent.ThreadPoolExecutor.runWorker(ThreadPoolExecutor.java:1149)
	at java.util.concurrent.ThreadPoolExecutor$Worker.run(ThreadPoolExecutor.java:624)
	at org.apache.tomcat.util.threads.TaskThread$WrappingRunnable.run(TaskThread.java:61)
	at java.lang.Thread.run(Thread.java:748)
 
2018-09-02 16:41:19 [http-nio-8080-exec-3] DEBUG c.h.blog.mapper.UserMapper.findOne : 
 ==>  Preparing: select * from user WHERE name=?  
2018-09-02 16:41:19 [http-nio-8080-exec-3] DEBUG c.h.blog.mapper.UserMapper.findOne : 
 ==> Parameters: zhangsan(String) 
2018-09-02 16:41:19 [http-nio-8080-exec-3] DEBUG c.h.blog.mapper.UserMapper.findOne : 
 <==      Total: 1 
2018-09-02 16:41:53 [http-nio-8080-exec-4] DEBUG c.h.blog.mapper.UserMapper.findOne : 
 ==>  Preparing: select * from user WHERE id=?  
2018-09-02 16:41:53 [http-nio-8080-exec-4] DEBUG c.h.blog.mapper.UserMapper.findOne : 
 ==> Parameters: 3(Integer) 
2018-09-02 16:41:53 [http-nio-8080-exec-4] DEBUG c.h.blog.mapper.UserMapper.findOne : 
 <==      Total: 1 
2018-09-02 19:41:15 [http-nio-8080-exec-6] DEBUG c.h.blog.mapper.UserMapper.findOne : 
 ==>  Preparing: select * from user WHERE id=?  
2018-09-02 19:41:15 [http-nio-8080-exec-6] DEBUG c.h.blog.mapper.UserMapper.findOne : 
 ==> Parameters: 3(Integer) 
2018-09-02 19:41:15 [http-nio-8080-exec-6] DEBUG c.h.blog.mapper.UserMapper.findOne : 
 <==      Total: 1 
2018-09-02 19:43:37 [restartedMain] INFO  c.h.blog.SpringBootBlogApplication : 
 Starting SpringBootBlogApplication on unknown7429AF2C9AE3 with PID 13661 (/home/ted/shuai/18-fall-work-collection/git-project/spring-boot-blog/target/classes started by ted in /home/ted/shuai/18-fall-work-collection/git-project/spring-boot-blog) 
2018-09-02 19:43:37 [restartedMain] DEBUG c.h.blog.SpringBootBlogApplication : 
 Running with Spring Boot v1.4.3.RELEASE, Spring v4.3.5.RELEASE 
2018-09-02 19:43:37 [restartedMain] INFO  c.h.blog.SpringBootBlogApplication : 
 No active profile set, falling back to default profiles: default 
2018-09-02 19:43:42 [restartedMain] INFO  c.h.blog.SpringBootBlogApplication : 
 Started SpringBootBlogApplication in 6.864 seconds (JVM running for 8.149) 
2018-09-02 19:43:55 [http-nio-8080-exec-1] DEBUG c.h.blog.mapper.UserMapper.findOne : 
 ==>  Preparing: select * from user WHERE id=?  
2018-09-02 19:43:55 [http-nio-8080-exec-1] DEBUG c.h.blog.mapper.UserMapper.findOne : 
 ==> Parameters: 3(Integer) 
2018-09-02 19:43:55 [http-nio-8080-exec-1] DEBUG c.h.blog.mapper.UserMapper.findOne : 
 <==      Total: 1 
2018-09-02 19:45:11 [restartedMain] INFO  c.h.blog.SpringBootBlogApplication : 
 Starting SpringBootBlogApplication on unknown7429AF2C9AE3 with PID 13835 (/home/ted/shuai/18-fall-work-collection/git-project/spring-boot-blog/target/classes started by ted in /home/ted/shuai/18-fall-work-collection/git-project/spring-boot-blog) 
2018-09-02 19:45:11 [restartedMain] DEBUG c.h.blog.SpringBootBlogApplication : 
 Running with Spring Boot v1.4.3.RELEASE, Spring v4.3.5.RELEASE 
2018-09-02 19:45:11 [restartedMain] INFO  c.h.blog.SpringBootBlogApplication : 
 No active profile set, falling back to default profiles: default 
2018-09-02 19:45:17 [restartedMain] INFO  c.h.blog.SpringBootBlogApplication : 
 Started SpringBootBlogApplication in 7.344 seconds (JVM running for 8.789) 
2018-09-02 19:45:31 [http-nio-8080-exec-1] DEBUG c.h.blog.mapper.UserMapper.findOne : 
 ==>  Preparing: select * from user WHERE id=?  
2018-09-02 19:45:31 [http-nio-8080-exec-1] DEBUG c.h.blog.mapper.UserMapper.findOne : 
 ==> Parameters: 3(Integer) 
2018-09-02 19:45:31 [http-nio-8080-exec-1] DEBUG c.h.blog.mapper.UserMapper.findOne : 
 <==      Total: 1 
2018-09-02 20:54:56 [restartedMain] INFO  c.h.blog.SpringBootBlogApplication : 
 Starting SpringBootBlogApplication on unknown7429AF2C9AE3 with PID 15690 (/home/ted/shuai/18-fall-work-collection/git-project/spring-boot-blog/target/classes started by ted in /home/ted/shuai/18-fall-work-collection/git-project/spring-boot-blog) 
2018-09-02 20:54:56 [restartedMain] DEBUG c.h.blog.SpringBootBlogApplication : 
 Running with Spring Boot v1.4.3.RELEASE, Spring v4.3.5.RELEASE 
2018-09-02 20:54:56 [restartedMain] INFO  c.h.blog.SpringBootBlogApplication : 
 No active profile set, falling back to default profiles: default 
2018-09-02 20:55:06 [restartedMain] INFO  c.h.blog.SpringBootBlogApplication : 
 Started SpringBootBlogApplication in 10.751 seconds (JVM running for 12.594) 
2018-09-02 20:58:27 [http-nio-8080-exec-1] DEBUG c.h.blog.mapper.UserMapper.findOne : 
 ==>  Preparing: select * from user WHERE id=?  
2018-09-02 20:58:27 [http-nio-8080-exec-1] DEBUG c.h.blog.mapper.UserMapper.findOne : 
 ==> Parameters: 3(Integer) 
2018-09-02 20:58:27 [http-nio-8080-exec-1] DEBUG c.h.blog.mapper.UserMapper.findOne : 
 <==      Total: 1 
2018-09-02 20:58:27 [http-nio-8080-exec-1] DEBUG com.hpm.blog.mapper.PostMapper.add : 
 ==>  Preparing: INSERT INTO post (author_id, title, content) VALUES (?, ?, ?);  
2018-09-02 20:58:27 [http-nio-8080-exec-1] DEBUG com.hpm.blog.mapper.PostMapper.add : 
 ==> Parameters: 3(Integer), First demo of restful springboot(String), finally impove the complexity of your java code(String) 
2018-09-02 20:58:27 [http-nio-8080-exec-1] ERROR c.h.b.config.GlobalExceptionHandler : 
 org.springframework.dao.DataIntegrityViolationException: 
### Error updating database.  Cause: com.mysql.jdbc.MysqlDataTruncation: Data truncation: Data too long for column 'title' at row 1
### The error may involve defaultParameterMap
### The error occurred while setting parameters
### SQL: INSERT INTO post (author_id, title, content) VALUES (?, ?, ?);
### Cause: com.mysql.jdbc.MysqlDataTruncation: Data truncation: Data too long for column 'title' at row 1
; SQL []; Data truncation: Data too long for column 'title' at row 1; nested exception is com.mysql.jdbc.MysqlDataTruncation: Data truncation: Data too long for column 'title' at row 1
	at org.springframework.jdbc.support.SQLStateSQLExceptionTranslator.doTranslate(SQLStateSQLExceptionTranslator.java:102)
	at org.springframework.jdbc.support.AbstractFallbackSQLExceptionTranslator.translate(AbstractFallbackSQLExceptionTranslator.java:73)
	at org.springframework.jdbc.support.AbstractFallbackSQLExceptionTranslator.translate(AbstractFallbackSQLExceptionTranslator.java:81)
	at org.springframework.jdbc.support.AbstractFallbackSQLExceptionTranslator.translate(AbstractFallbackSQLExceptionTranslator.java:81)
	at org.mybatis.spring.MyBatisExceptionTranslator.translateExceptionIfPossible(MyBatisExceptionTranslator.java:75)
	at org.mybatis.spring.SqlSessionTemplate$SqlSessionInterceptor.invoke(SqlSessionTemplate.java:447)
	at com.sun.proxy.$Proxy62.insert(Unknown Source)
	at org.mybatis.spring.SqlSessionTemplate.insert(SqlSessionTemplate.java:279)
	at org.apache.ibatis.binding.MapperMethod.execute(MapperMethod.java:56)
	at org.apache.ibatis.binding.MapperProxy.invoke(MapperProxy.java:53)
	at com.sun.proxy.$Proxy68.add(Unknown Source)
	at com.hpm.blog.service.PostService.add(PostService.java:19)
	at com.hpm.blog.service.PostService$$FastClassBySpringCGLIB$$2d1d5686.invoke(<generated>)
	at org.springframework.cglib.proxy.MethodProxy.invoke(MethodProxy.java:204)
	at org.springframework.aop.framework.CglibAopProxy$CglibMethodInvocation.invokeJoinpoint(CglibAopProxy.java:721)
	at org.springframework.aop.framework.ReflectiveMethodInvocation.proceed(ReflectiveMethodInvocation.java:157)
	at org.springframework.transaction.interceptor.TransactionInterceptor$1.proceedWithInvocation(TransactionInterceptor.java:99)
	at org.springframework.transaction.interceptor.TransactionAspectSupport.invokeWithinTransaction(TransactionAspectSupport.java:282)
	at org.springframework.transaction.interceptor.TransactionInterceptor.invoke(TransactionInterceptor.java:96)
	at org.springframework.aop.framework.ReflectiveMethodInvocation.proceed(ReflectiveMethodInvocation.java:179)
	at org.springframework.aop.framework.CglibAopProxy$DynamicAdvisedInterceptor.intercept(CglibAopProxy.java:656)
	at com.hpm.blog.service.PostService$$EnhancerBySpringCGLIB$$4c7cef4c.add(<generated>)
	at com.hpm.blog.api.PostApi.add(PostApi.java:28)
	at sun.reflect.NativeMethodAccessorImpl.invoke0(Native Method)
	at sun.reflect.NativeMethodAccessorImpl.invoke(NativeMethodAccessorImpl.java:62)
	at sun.reflect.DelegatingMethodAccessorImpl.invoke(DelegatingMethodAccessorImpl.java:43)
	at java.lang.reflect.Method.invoke(Method.java:498)
	at org.springframework.web.method.support.InvocableHandlerMethod.doInvoke(InvocableHandlerMethod.java:220)
	at org.springframework.web.method.support.InvocableHandlerMethod.invokeForRequest(InvocableHandlerMethod.java:134)
	at org.springframework.web.servlet.mvc.method.annotation.ServletInvocableHandlerMethod.invokeAndHandle(ServletInvocableHandlerMethod.java:116)
	at org.springframework.web.servlet.mvc.method.annotation.RequestMappingHandlerAdapter.invokeHandlerMethod(RequestMappingHandlerAdapter.java:827)
	at org.springframework.web.servlet.mvc.method.annotation.RequestMappingHandlerAdapter.handleInternal(RequestMappingHandlerAdapter.java:738)
	at org.springframework.web.servlet.mvc.method.AbstractHandlerMethodAdapter.handle(AbstractHandlerMethodAdapter.java:85)
	at org.springframework.web.servlet.DispatcherServlet.doDispatch(DispatcherServlet.java:963)
	at org.springframework.web.servlet.DispatcherServlet.doService(DispatcherServlet.java:897)
	at org.springframework.web.servlet.FrameworkServlet.processRequest(FrameworkServlet.java:970)
	at org.springframework.web.servlet.FrameworkServlet.doPost(FrameworkServlet.java:872)
	at javax.servlet.http.HttpServlet.service(HttpServlet.java:648)
	at org.springframework.web.servlet.FrameworkServlet.service(FrameworkServlet.java:846)
	at javax.servlet.http.HttpServlet.service(HttpServlet.java:729)
	at org.apache.catalina.core.ApplicationFilterChain.internalDoFilter(ApplicationFilterChain.java:230)
	at org.apache.catalina.core.ApplicationFilterChain.doFilter(ApplicationFilterChain.java:165)
	at org.apache.tomcat.websocket.server.WsFilter.doFilter(WsFilter.java:52)
	at org.apache.catalina.core.ApplicationFilterChain.internalDoFilter(ApplicationFilterChain.java:192)
	at org.apache.catalina.core.ApplicationFilterChain.doFilter(ApplicationFilterChain.java:165)
	at org.springframework.web.filter.RequestContextFilter.doFilterInternal(RequestContextFilter.java:99)
	at org.springframework.web.filter.OncePerRequestFilter.doFilter(OncePerRequestFilter.java:107)
	at org.apache.catalina.core.ApplicationFilterChain.internalDoFilter(ApplicationFilterChain.java:192)
	at org.apache.catalina.core.ApplicationFilterChain.doFilter(ApplicationFilterChain.java:165)
	at org.springframework.web.filter.HttpPutFormContentFilter.doFilterInternal(HttpPutFormContentFilter.java:89)
	at org.springframework.web.filter.OncePerRequestFilter.doFilter(OncePerRequestFilter.java:107)
	at org.apache.catalina.core.ApplicationFilterChain.internalDoFilter(ApplicationFilterChain.java:192)
	at org.apache.catalina.core.ApplicationFilterChain.doFilter(ApplicationFilterChain.java:165)
	at org.springframework.web.filter.HiddenHttpMethodFilter.doFilterInternal(HiddenHttpMethodFilter.java:77)
	at org.springframework.web.filter.OncePerRequestFilter.doFilter(OncePerRequestFilter.java:107)
	at org.apache.catalina.core.ApplicationFilterChain.internalDoFilter(ApplicationFilterChain.java:192)
	at org.apache.catalina.core.ApplicationFilterChain.doFilter(ApplicationFilterChain.java:165)
	at org.springframework.web.filter.CharacterEncodingFilter.doFilterInternal(CharacterEncodingFilter.java:197)
	at org.springframework.web.filter.OncePerRequestFilter.doFilter(OncePerRequestFilter.java:107)
	at org.apache.catalina.core.ApplicationFilterChain.internalDoFilter(ApplicationFilterChain.java:192)
	at org.apache.catalina.core.ApplicationFilterChain.doFilter(ApplicationFilterChain.java:165)
	at org.apache.catalina.core.StandardWrapperValve.invoke(StandardWrapperValve.java:198)
	at org.apache.catalina.core.StandardContextValve.invoke(StandardContextValve.java:108)
	at org.apache.catalina.authenticator.AuthenticatorBase.invoke(AuthenticatorBase.java:472)
	at org.apache.catalina.core.StandardHostValve.invoke(StandardHostValve.java:140)
	at org.apache.catalina.valves.ErrorReportValve.invoke(ErrorReportValve.java:79)
	at org.apache.catalina.core.StandardEngineValve.invoke(StandardEngineValve.java:87)
	at org.apache.catalina.connector.CoyoteAdapter.service(CoyoteAdapter.java:349)
	at org.apache.coyote.http11.Http11Processor.service(Http11Processor.java:784)
	at org.apache.coyote.AbstractProcessorLight.process(AbstractProcessorLight.java:66)
	at org.apache.coyote.AbstractProtocol$ConnectionHandler.process(AbstractProtocol.java:802)
	at org.apache.tomcat.util.net.NioEndpoint$SocketProcessor.doRun(NioEndpoint.java:1410)
	at org.apache.tomcat.util.net.SocketProcessorBase.run(SocketProcessorBase.java:49)
	at java.util.concurrent.ThreadPoolExecutor.runWorker(ThreadPoolExecutor.java:1149)
	at java.util.concurrent.ThreadPoolExecutor$Worker.run(ThreadPoolExecutor.java:624)
	at org.apache.tomcat.util.threads.TaskThread$WrappingRunnable.run(TaskThread.java:61)
	at java.lang.Thread.run(Thread.java:748)
Caused by: com.mysql.jdbc.MysqlDataTruncation: Data truncation: Data too long for column 'title' at row 1
	at com.mysql.jdbc.MysqlIO.checkErrorPacket(MysqlIO.java:3968)
	at com.mysql.jdbc.MysqlIO.checkErrorPacket(MysqlIO.java:3906)
	at com.mysql.jdbc.MysqlIO.sendCommand(MysqlIO.java:2524)
	at com.mysql.jdbc.MysqlIO.sqlQueryDirect(MysqlIO.java:2677)
	at com.mysql.jdbc.ConnectionImpl.execSQL(ConnectionImpl.java:2549)
	at com.mysql.jdbc.PreparedStatement.executeInternal(PreparedStatement.java:1861)
	at com.mysql.jdbc.PreparedStatement.execute(PreparedStatement.java:1192)
	at sun.reflect.NativeMethodAccessorImpl.invoke0(Native Method)
	at sun.reflect.NativeMethodAccessorImpl.invoke(NativeMethodAccessorImpl.java:62)
	at sun.reflect.DelegatingMethodAccessorImpl.invoke(DelegatingMethodAccessorImpl.java:43)
	at java.lang.reflect.Method.invoke(Method.java:498)
	at org.apache.ibatis.logging.jdbc.PreparedStatementLogger.invoke(PreparedStatementLogger.java:59)
	at com.sun.proxy.$Proxy86.execute(Unknown Source)
	at org.apache.ibatis.executor.statement.PreparedStatementHandler.update(PreparedStatementHandler.java:46)
	at org.apache.ibatis.executor.statement.RoutingStatementHandler.update(RoutingStatementHandler.java:74)
	at org.apache.ibatis.executor.SimpleExecutor.doUpdate(SimpleExecutor.java:50)
	at org.apache.ibatis.executor.BaseExecutor.update(BaseExecutor.java:117)
	at org.apache.ibatis.executor.CachingExecutor.update(CachingExecutor.java:76)
	at org.apache.ibatis.session.defaults.DefaultSqlSession.update(DefaultSqlSession.java:198)
	at org.apache.ibatis.session.defaults.DefaultSqlSession.insert(DefaultSqlSession.java:185)
	at sun.reflect.NativeMethodAccessorImpl.invoke0(Native Method)
	at sun.reflect.NativeMethodAccessorImpl.invoke(NativeMethodAccessorImpl.java:62)
	at sun.reflect.DelegatingMethodAccessorImpl.invoke(DelegatingMethodAccessorImpl.java:43)
	at java.lang.reflect.Method.invoke(Method.java:498)
	at org.mybatis.spring.SqlSessionTemplate$SqlSessionInterceptor.invoke(SqlSessionTemplate.java:434)
	... 71 more
 
2018-09-02 20:58:58 [http-nio-8080-exec-2] DEBUG c.h.blog.mapper.UserMapper.findOne : 
 ==>  Preparing: select * from user WHERE id=?  
2018-09-02 20:58:58 [http-nio-8080-exec-2] DEBUG c.h.blog.mapper.UserMapper.findOne : 
 ==> Parameters: 3(Integer) 
2018-09-02 20:58:58 [http-nio-8080-exec-2] DEBUG c.h.blog.mapper.UserMapper.findOne : 
 <==      Total: 1 
2018-09-02 20:58:58 [http-nio-8080-exec-2] DEBUG com.hpm.blog.mapper.PostMapper.add : 
 ==>  Preparing: INSERT INTO post (author_id, title, content) VALUES (?, ?, ?);  
2018-09-02 20:58:58 [http-nio-8080-exec-2] DEBUG com.hpm.blog.mapper.PostMapper.add : 
 ==> Parameters: 3(Integer), First demo(String), finally impove the complexity of your java code(String) 
2018-09-02 20:58:58 [http-nio-8080-exec-2] DEBUG com.hpm.blog.mapper.PostMapper.add : 
 <==    Updates: 1 
2018-09-02 20:58:58 [http-nio-8080-exec-2] DEBUG c.h.blog.mapper.PostMapper.findOne : 
 ==>  Preparing: SELECT post.id, post.author_id , post.title , post.content , post.create_time , post.update_time, `user`.id as author__id, `user`.`name` as author__name FROM post LEFT JOIN `user` ON `user`.id=post.author_id WHERE post.id=?  
2018-09-02 20:58:58 [http-nio-8080-exec-2] DEBUG c.h.blog.mapper.PostMapper.findOne : 
 ==> Parameters: 1(Integer) 
2018-09-02 20:58:58 [http-nio-8080-exec-2] DEBUG c.h.blog.mapper.PostMapper.findOne : 
 <==      Total: 1 
